# JRE version: OpenJDK Runtime Environment Temurin-11.0.12+7 (11.0.12+7) (build 11.0.12+7)
# Java VM: OpenJDK 64-Bit Server VM Temurin-11.0.12+7 (11.0.12+7, mixed mode, tiered, compressed oops, parallel gc, windows-amd64)
Heap:
 PSYoungGen      total 20480K, used 43K [0x00000000eab00000, 0x00000000ec200000, 0x0000000100000000)
  eden space 19968K, 0% used [0x00000000eab00000,0x00000000eab0ad28,0x00000000ebe80000)
  from space 512K, 0% used [0x00000000ebf80000,0x00000000ebf80000,0x00000000ec000000)
  to   space 1024K, 0% used [0x00000000ec100000,0x00000000ec100000,0x00000000ec200000)
 ParOldGen       total 68608K, used 24528K [0x00000000c0000000, 0x00000000c4300000, 0x00000000eab00000)
  object space 68608K, 35% used [0x00000000c0000000,0x00000000c17f4130,0x00000000c4300000)
 Metaspace       used 33349K, capacity 35361K, committed 35672K, reserved 1081344K
  class space    used 3152K, capacity 3878K, committed 3968K, reserved 1048576K
GC Heap History (20 events):
Event: 7.870 GC heap before
{Heap before GC invocations=8 (full 1):
 PSYoungGen      total 27136K, used 27113K [0x00000000eab00000, 0x00000000ec900000, 0x0000000100000000)
  eden space 24576K, 99% used [0x00000000eab00000,0x00000000ec2fff00,0x00000000ec300000)
  from space 2560K, 99% used [0x00000000ec600000,0x00000000ec87a570,0x00000000ec880000)
  to   space 3072K, 0% used [0x00000000ec300000,0x00000000ec300000,0x00000000ec600000)
 ParOldGen       total 68608K, used 6255K [0x00000000c0000000, 0x00000000c4300000, 0x00000000eab00000)
  object space 68608K, 9% used [0x00000000c0000000,0x00000000c061bc20,0x00000000c4300000)
 Metaspace       used 30865K, capacity 32713K, committed 32896K, reserved 1079296K
  class space    used 2967K, capacity 3700K, committed 3712K, reserved 1048576K
}
Event: 7.889 GC heap after
{Heap after GC invocations=8 (full 1):
 PSYoungGen      total 27136K, used 3041K [0x00000000eab00000, 0x00000000ecb80000, 0x0000000100000000)
  eden space 24064K, 0% used [0x00000000eab00000,0x00000000eab00000,0x00000000ec280000)
  from space 3072K, 99% used [0x00000000ec300000,0x00000000ec5f87d0,0x00000000ec600000)
  to   space 4608K, 0% used [0x00000000ec700000,0x00000000ec700000,0x00000000ecb80000)
 ParOldGen       total 68608K, used 7347K [0x00000000c0000000, 0x00000000c4300000, 0x00000000eab00000)
  object space 68608K, 10% used [0x00000000c0000000,0x00000000c072cfc8,0x00000000c4300000)
 Metaspace       used 30865K, capacity 32713K, committed 32896K, reserved 1079296K
  class space    used 2967K, capacity 3700K, committed 3712K, reserved 1048576K
}
Event: 8.132 GC heap before
{Heap before GC invocations=9 (full 1):
 PSYoungGen      total 27136K, used 27105K [0x00000000eab00000, 0x00000000ecb80000, 0x0000000100000000)
  eden space 24064K, 100% used [0x00000000eab00000,0x00000000ec280000,0x00000000ec280000)
  from space 3072K, 99% used [0x00000000ec300000,0x00000000ec5f87d0,0x00000000ec600000)
  to   space 4608K, 0% used [0x00000000ec700000,0x00000000ec700000,0x00000000ecb80000)
 ParOldGen       total 68608K, used 7347K [0x00000000c0000000, 0x00000000c4300000, 0x00000000eab00000)
  object space 68608K, 10% used [0x00000000c0000000,0x00000000c072cfc8,0x00000000c4300000)
 Metaspace       used 31079K, capacity 32996K, committed 33152K, reserved 1079296K
  class space    used 2990K, capacity 3709K, committed 3712K, reserved 1048576K
}
Event: 8.159 GC heap after
{Heap after GC invocations=9 (full 1):
 PSYoungGen      total 27648K, used 4590K [0x00000000eab00000, 0x00000000ecd00000, 0x0000000100000000)
  eden space 23040K, 0% used [0x00000000eab00000,0x00000000eab00000,0x00000000ec180000)
  from space 4608K, 99% used [0x00000000ec700000,0x00000000ecb7b940,0x00000000ecb80000)
  to   space 5632K, 0% used [0x00000000ec180000,0x00000000ec180000,0x00000000ec700000)
 ParOldGen       total 68608K, used 7963K [0x00000000c0000000, 0x00000000c4300000, 0x00000000eab00000)
  object space 68608K, 11% used [0x00000000c0000000,0x00000000c07c6ff8,0x00000000c4300000)
 Metaspace       used 31079K, capacity 32996K, committed 33152K, reserved 1079296K
  class space    used 2990K, capacity 3709K, committed 3712K, reserved 1048576K
}
Event: 8.487 GC heap before
{Heap before GC invocations=10 (full 1):
 PSYoungGen      total 27648K, used 27630K [0x00000000eab00000, 0x00000000ecd00000, 0x0000000100000000)
  eden space 23040K, 100% used [0x00000000eab00000,0x00000000ec180000,0x00000000ec180000)
  from space 4608K, 99% used [0x00000000ec700000,0x00000000ecb7b940,0x00000000ecb80000)
  to   space 5632K, 0% used [0x00000000ec180000,0x00000000ec180000,0x00000000ec700000)
 ParOldGen       total 68608K, used 7963K [0x00000000c0000000, 0x00000000c4300000, 0x00000000eab00000)
  object space 68608K, 11% used [0x00000000c0000000,0x00000000c07c6ff8,0x00000000c4300000)
 Metaspace       used 31106K, capacity 32996K, committed 33152K, reserved 1079296K
  class space    used 2990K, capacity 3709K, committed 3712K, reserved 1048576K
}
Event: 8.502 GC heap after
{Heap after GC invocations=10 (full 1):
 PSYoungGen      total 27648K, used 5070K [0x00000000eab00000, 0x00000000ecb00000, 0x0000000100000000)
  eden space 22528K, 0% used [0x00000000eab00000,0x00000000eab00000,0x00000000ec100000)
  from space 5120K, 99% used [0x00000000ec180000,0x00000000ec673bc0,0x00000000ec680000)
  to   space 4608K, 0% used [0x00000000ec680000,0x00000000ec680000,0x00000000ecb00000)
 ParOldGen       total 68608K, used 9650K [0x00000000c0000000, 0x00000000c4300000, 0x00000000eab00000)
  object space 68608K, 14% used [0x00000000c0000000,0x00000000c096c938,0x00000000c4300000)
 Metaspace       used 31106K, capacity 32996K, committed 33152K, reserved 1079296K
  class space    used 2990K, capacity 3709K, committed 3712K, reserved 1048576K
}
Event: 8.922 GC heap before
{Heap before GC invocations=11 (full 1):
 PSYoungGen      total 27648K, used 27598K [0x00000000eab00000, 0x00000000ecb00000, 0x0000000100000000)
  eden space 22528K, 100% used [0x00000000eab00000,0x00000000ec100000,0x00000000ec100000)
  from space 5120K, 99% used [0x00000000ec180000,0x00000000ec673bc0,0x00000000ec680000)
  to   space 4608K, 0% used [0x00000000ec680000,0x00000000ec680000,0x00000000ecb00000)
 ParOldGen       total 68608K, used 9650K [0x00000000c0000000, 0x00000000c4300000, 0x00000000eab00000)
  object space 68608K, 14% used [0x00000000c0000000,0x00000000c096c938,0x00000000c4300000)
 Metaspace       used 31267K, capacity 33124K, committed 33152K, reserved 1079296K
  class space    used 3003K, capacity 3709K, committed 3712K, reserved 1048576K
}
Event: 8.954 GC heap after
{Heap after GC invocations=11 (full 1):
 PSYoungGen      total 24576K, used 4576K [0x00000000eab00000, 0x00000000ed080000, 0x0000000100000000)
  eden space 19968K, 0% used [0x00000000eab00000,0x00000000eab00000,0x00000000ebe80000)
  from space 4608K, 99% used [0x00000000ec680000,0x00000000ecaf8020,0x00000000ecb00000)
  to   space 8192K, 0% used [0x00000000ebe80000,0x00000000ebe80000,0x00000000ec680000)
 ParOldGen       total 68608K, used 12563K [0x00000000c0000000, 0x00000000c4300000, 0x00000000eab00000)
  object space 68608K, 18% used [0x00000000c0000000,0x00000000c0c44c10,0x00000000c4300000)
 Metaspace       used 31267K, capacity 33124K, committed 33152K, reserved 1079296K
  class space    used 3003K, capacity 3709K, committed 3712K, reserved 1048576K
}
Event: 9.033 GC heap before
{Heap before GC invocations=12 (full 1):
 PSYoungGen      total 24576K, used 24544K [0x00000000eab00000, 0x00000000ed080000, 0x0000000100000000)
  eden space 19968K, 100% used [0x00000000eab00000,0x00000000ebe80000,0x00000000ebe80000)
  from space 4608K, 99% used [0x00000000ec680000,0x00000000ecaf8020,0x00000000ecb00000)
  to   space 8192K, 0% used [0x00000000ebe80000,0x00000000ebe80000,0x00000000ec680000)
 ParOldGen       total 68608K, used 12563K [0x00000000c0000000, 0x00000000c4300000, 0x00000000eab00000)
  object space 68608K, 18% used [0x00000000c0000000,0x00000000c0c44c10,0x00000000c4300000)
 Metaspace       used 31268K, capacity 33125K, committed 33152K, reserved 1079296K
  class space    used 3003K, capacity 3709K, committed 3712K, reserved 1048576K
}
Event: 9.041 GC heap after
{Heap after GC invocations=12 (full 1):
 PSYoungGen      total 22016K, used 2016K [0x00000000eab00000, 0x00000000ec700000, 0x0000000100000000)
  eden space 19968K, 0% used [0x00000000eab00000,0x00000000eab00000,0x00000000ebe80000)
  from space 2048K, 98% used [0x00000000ebe80000,0x00000000ec078000,0x00000000ec080000)
  to   space 4096K, 0% used [0x00000000ec300000,0x00000000ec300000,0x00000000ec700000)
 ParOldGen       total 68608K, used 17144K [0x00000000c0000000, 0x00000000c4300000, 0x00000000eab00000)
  object space 68608K, 24% used [0x00000000c0000000,0x00000000c10be318,0x00000000c4300000)
 Metaspace       used 31268K, capacity 33125K, committed 33152K, reserved 1079296K
  class space    used 3003K, capacity 3709K, committed 3712K, reserved 1048576K
}
Event: 9.197 GC heap before
{Heap before GC invocations=13 (full 1):
 PSYoungGen      total 22016K, used 21984K [0x00000000eab00000, 0x00000000ec700000, 0x0000000100000000)
  eden space 19968K, 100% used [0x00000000eab00000,0x00000000ebe80000,0x00000000ebe80000)
  from space 2048K, 98% used [0x00000000ebe80000,0x00000000ec078000,0x00000000ec080000)
  to   space 4096K, 0% used [0x00000000ec300000,0x00000000ec300000,0x00000000ec700000)
 ParOldGen       total 68608K, used 17144K [0x00000000c0000000, 0x00000000c4300000, 0x00000000eab00000)
  object space 68608K, 24% used [0x00000000c0000000,0x00000000c10be318,0x00000000c4300000)
 Metaspace       used 31268K, capacity 33125K, committed 33152K, reserved 1079296K
  class space    used 3003K, capacity 3709K, committed 3712K, reserved 1048576K
}
Event: 9.212 GC heap after
{Heap after GC invocations=13 (full 1):
 PSYoungGen      total 22528K, used 2464K [0x00000000eab00000, 0x00000000ec580000, 0x0000000100000000)
  eden space 19968K, 0% used [0x00000000eab00000,0x00000000eab00000,0x00000000ebe80000)
  from space 2560K, 96% used [0x00000000ec300000,0x00000000ec568010,0x00000000ec580000)
  to   space 3072K, 0% used [0x00000000ebf80000,0x00000000ebf80000,0x00000000ec280000)
 ParOldGen       total 68608K, used 19176K [0x00000000c0000000, 0x00000000c4300000, 0x00000000eab00000)
  object space 68608K, 27% used [0x00000000c0000000,0x00000000c12ba318,0x00000000c4300000)
 Metaspace       used 31268K, capacity 33125K, committed 33152K, reserved 1079296K
  class space    used 3003K, capacity 3709K, committed 3712K, reserved 1048576K
}
Event: 9.309 GC heap before
{Heap before GC invocations=14 (full 1):
 PSYoungGen      total 22528K, used 22432K [0x00000000eab00000, 0x00000000ec580000, 0x0000000100000000)
  eden space 19968K, 100% used [0x00000000eab00000,0x00000000ebe80000,0x00000000ebe80000)
  from space 2560K, 96% used [0x00000000ec300000,0x00000000ec568010,0x00000000ec580000)
  to   space 3072K, 0% used [0x00000000ebf80000,0x00000000ebf80000,0x00000000ec280000)
 ParOldGen       total 68608K, used 19176K [0x00000000c0000000, 0x00000000c4300000, 0x00000000eab00000)
  object space 68608K, 27% used [0x00000000c0000000,0x00000000c12ba318,0x00000000c4300000)
 Metaspace       used 31319K, capacity 33198K, committed 33408K, reserved 1079296K
  class space    used 3008K, capacity 3712K, committed 3712K, reserved 1048576K
}
Event: 9.318 GC heap after
{Heap after GC invocations=14 (full 1):
 PSYoungGen      total 22016K, used 1984K [0x00000000eab00000, 0x00000000ec380000, 0x0000000100000000)
  eden space 19968K, 0% used [0x00000000eab00000,0x00000000eab00000,0x00000000ebe80000)
  from space 2048K, 96% used [0x00000000ebf80000,0x00000000ec170000,0x00000000ec180000)
  to   space 2048K, 0% used [0x00000000ec180000,0x00000000ec180000,0x00000000ec380000)
 ParOldGen       total 68608K, used 21502K [0x00000000c0000000, 0x00000000c4300000, 0x00000000eab00000)
  object space 68608K, 31% used [0x00000000c0000000,0x00000000c14ffba8,0x00000000c4300000)
 Metaspace       used 31319K, capacity 33198K, committed 33408K, reserved 1079296K
  class space    used 3008K, capacity 3712K, committed 3712K, reserved 1048576K
}
Event: 9.893 GC heap before
{Heap before GC invocations=15 (full 1):
 PSYoungGen      total 22016K, used 21952K [0x00000000eab00000, 0x00000000ec380000, 0x0000000100000000)
  eden space 19968K, 100% used [0x00000000eab00000,0x00000000ebe80000,0x00000000ebe80000)
  from space 2048K, 96% used [0x00000000ebf80000,0x00000000ec170000,0x00000000ec180000)
  to   space 2048K, 0% used [0x00000000ec180000,0x00000000ec180000,0x00000000ec380000)
 ParOldGen       total 68608K, used 21502K [0x00000000c0000000, 0x00000000c4300000, 0x00000000eab00000)
  object space 68608K, 31% used [0x00000000c0000000,0x00000000c14ffba8,0x00000000c4300000)
 Metaspace       used 32649K, capacity 34657K, committed 34816K, reserved 1081344K
  class space    used 3072K, capacity 3814K, committed 3840K, reserved 1048576K
}
Event: 9.915 GC heap after
{Heap after GC invocations=15 (full 1):
 PSYoungGen      total 22016K, used 1649K [0x00000000eab00000, 0x00000000ec380000, 0x0000000100000000)
  eden space 19968K, 0% used [0x00000000eab00000,0x00000000eab00000,0x00000000ebe80000)
  from space 2048K, 80% used [0x00000000ec180000,0x00000000ec31c708,0x00000000ec380000)
  to   space 2048K, 0% used [0x00000000ebf80000,0x00000000ebf80000,0x00000000ec180000)
 ParOldGen       total 68608K, used 23406K [0x00000000c0000000, 0x00000000c4300000, 0x00000000eab00000)
  object space 68608K, 34% used [0x00000000c0000000,0x00000000c16dbba8,0x00000000c4300000)
 Metaspace       used 32649K, capacity 34657K, committed 34816K, reserved 1081344K
  class space    used 3072K, capacity 3814K, committed 3840K, reserved 1048576K
}
Event: 10.168 GC heap before
{Heap before GC invocations=16 (full 1):
 PSYoungGen      total 22016K, used 5965K [0x00000000eab00000, 0x00000000ec380000, 0x0000000100000000)
  eden space 19968K, 21% used [0x00000000eab00000,0x00000000eaf36fb0,0x00000000ebe80000)
  from space 2048K, 80% used [0x00000000ec180000,0x00000000ec31c708,0x00000000ec380000)
  to   space 2048K, 0% used [0x00000000ebf80000,0x00000000ebf80000,0x00000000ec180000)
 ParOldGen       total 68608K, used 23406K [0x00000000c0000000, 0x00000000c4300000, 0x00000000eab00000)
  object space 68608K, 34% used [0x00000000c0000000,0x00000000c16dbba8,0x00000000c4300000)
 Metaspace       used 33330K, capacity 35297K, committed 35416K, reserved 1081344K
  class space    used 3152K, capacity 3878K, committed 3968K, reserved 1048576K
}
Event: 10.222 GC heap after
{Heap after GC invocations=16 (full 1):
 PSYoungGen      total 20480K, used 96K [0x00000000eab00000, 0x00000000ec200000, 0x0000000100000000)
  eden space 19968K, 0% used [0x00000000eab00000,0x00000000eab00000,0x00000000ebe80000)
  from space 512K, 18% used [0x00000000ebf80000,0x00000000ebf98000,0x00000000ec000000)
  to   space 1024K, 0% used [0x00000000ec100000,0x00000000ec100000,0x00000000ec200000)
 ParOldGen       total 68608K, used 25031K [0x00000000c0000000, 0x00000000c4300000, 0x00000000eab00000)
  object space 68608K, 36% used [0x00000000c0000000,0x00000000c1871da0,0x00000000c4300000)
 Metaspace       used 33330K, capacity 35297K, committed 35416K, reserved 1081344K
  class space    used 3152K, capacity 3878K, committed 3968K, reserved 1048576K
}
Event: 10.222 GC heap before
{Heap before GC invocations=17 (full 2):
 PSYoungGen      total 20480K, used 96K [0x00000000eab00000, 0x00000000ec200000, 0x0000000100000000)
  eden space 19968K, 0% used [0x00000000eab00000,0x00000000eab00000,0x00000000ebe80000)
  from space 512K, 18% used [0x00000000ebf80000,0x00000000ebf98000,0x00000000ec000000)
  to   space 1024K, 0% used [0x00000000ec100000,0x00000000ec100000,0x00000000ec200000)
 ParOldGen       total 68608K, used 25031K [0x00000000c0000000, 0x00000000c4300000, 0x00000000eab00000)
  object space 68608K, 36% used [0x00000000c0000000,0x00000000c1871da0,0x00000000c4300000)
 Metaspace       used 33330K, capacity 35297K, committed 35416K, reserved 1081344K
  class space    used 3152K, capacity 3878K, committed 3968K, reserved 1048576K
}
Event: 10.842 GC heap after
{Heap after GC invocations=17 (full 2):
 PSYoungGen      total 20480K, used 0K [0x00000000eab00000, 0x00000000ec200000, 0x0000000100000000)
  eden space 19968K, 0% used [0x00000000eab00000,0x00000000eab00000,0x00000000ebe80000)
  from space 512K, 0% used [0x00000000ebf80000,0x00000000ebf80000,0x00000000ec000000)
  to   space 1024K, 0% used [0x00000000ec100000,0x00000000ec100000,0x00000000ec200000)
 ParOldGen       total 68608K, used 24528K [0x00000000c0000000, 0x00000000c4300000, 0x00000000eab00000)
  object space 68608K, 35% used [0x00000000c0000000,0x00000000c17f4130,0x00000000c4300000)
 Metaspace       used 33330K, capacity 35297K, committed 35416K, reserved 1081344K
  class space    used 3152K, capacity 3878K, committed 3968K, reserved 1048576K
}

